Arguments: 
  C:\Program Files\nodejs\node.exe C:\Users\piotr\AppData\Roaming\npm\node_modules\yarn\bin\yarn.js add inquirer

PATH: 
  C:\Users\piotr\bin;C:\Program Files\Git\mingw64\bin;C:\Program Files\Git\usr\local\bin;C:\Program Files\Git\usr\bin;C:\Program Files\Git\usr\bin;C:\Program Files\Git\mingw64\bin;C:\Program Files\Git\usr\bin;C:\Users\piotr\bin;C:\apache-maven-3.8.1\bin;C:\Program Files\Java\jdk-15.0.1;C:\Program Files\PuTTY;C:\php-8.0.0-Win32-vs16-x64;C:\Program Files\dotnet;C:\Program Files\Microsoft SQL Server\130\Tools\Binn;C:\Program Files\Microsoft SQL Server\Client SDK\ODBC\170\Tools\Binn;C:\Windows\System32;C:\sqlite-tools-win32-x86-3350500;C:\Program Files\nodejs;C:\Program Files\Git\cmd;C:\Program Files (x86)\PowerShell\7;%SystemRoot%\system32;%SystemRoot%;%SystemRoot%\System32\Wbem;%SYSTEMROOT%\System32\WindowsPowerShell\v1.0;%SYSTEMROOT%\System32\OpenSSH;C:\Ruby27-x64\bin;C:\Program Files\MySQL\MySQL Shell 8.0\bin;C:\Users\piotr\AppData\Local\Microsoft\WindowsApps;C:\Users\piotr\AppData\Local\Programs\Microsoft VS Code\bin;C:\Program Files\curl-7.74.0-win64-mingw\curl-7.74.0-win64-mingw\bin;C:\Users\piotr\.dotnet\tools;C:\Users\piotr\AppData\Roaming\npm;C:\Program Files (x86)\heroku\bin;C:\Program Files\Git\usr\bin\vendor_perl;C:\Program Files\Git\usr\bin\core_perl

Yarn version: 
  1.22.19

Node version: 
  14.18.0

Platform: 
  win32 x64

Trace: 
  SyntaxError: C:\projects\watermark-node\package.json: Unexpected end of JSON input
      at JSON.parse (<anonymous>)
      at C:\Users\piotr\AppData\Roaming\npm\node_modules\yarn\lib\cli.js:1629:59
      at Generator.next (<anonymous>)
      at step (C:\Users\piotr\AppData\Roaming\npm\node_modules\yarn\lib\cli.js:310:30)
      at C:\Users\piotr\AppData\Roaming\npm\node_modules\yarn\lib\cli.js:321:13

npm manifest: 
  

yarn manifest: 
  No manifest

Lockfile: 
  No lockfile
